[2024-01-30T08:50:19.436947+08:00] name.WARNING: Call to a member function prepare() on string [] []
[2024-01-30T08:52:19.593057+08:00] name.WARNING: Call to a member function prepare() on string [] []
[2024-01-30T09:06:18.091083+08:00] name.WARNING: The driver server has died. [] []
[2024-01-30T09:06:19.098974+08:00] name.WARNING: The driver server has died. [] []
[2024-01-30T09:08:16.528227+08:00] name.WARNING: The driver server has died. [] []
[2024-01-30T09:08:17.534145+08:00] name.WARNING: The driver server has died. [] []
[2024-01-30T09:10:16.295135+08:00] name.WARNING: The driver server has died. [] []
[2024-01-30T09:10:17.302251+08:00] name.WARNING: The driver server has died. [] []
[2024-01-30T09:12:16.742615+08:00] name.WARNING: The driver server has died. [] []
[2024-01-30T09:12:17.750499+08:00] name.WARNING: The driver server has died. [] []
[2024-01-30T09:32:15.653029+08:00] name.WARNING: Call to a member function prepare() on string [] []
[2024-01-30T09:34:14.751680+08:00] name.WARNING: Call to a member function prepare() on string [] []
[2024-01-30T09:36:14.258455+08:00] name.WARNING: The driver server has died. [] []
[2024-01-30T09:36:15.267733+08:00] name.WARNING: The driver server has died. [] []
[2024-01-30T09:38:15.117828+08:00] name.WARNING: Call to a member function prepare() on string [] []
[2024-01-30T09:38:15.313146+08:00] name.WARNING: The driver server has died. [] []
[2024-01-30T09:38:16.318410+08:00] name.WARNING: The driver server has died. [] []
[2024-01-30T09:40:15.065442+08:00] name.WARNING: Call to a member function prepare() on string [] []
[2024-01-30T09:42:15.019407+08:00] name.WARNING: Call to a member function prepare() on string [] []
[2024-01-30T09:44:15.054690+08:00] name.WARNING: Call to a member function prepare() on string [] []
[2024-01-30T10:10:20.219430+08:00] name.WARNING: The driver server has died. [] []
[2024-01-30T10:10:21.227240+08:00] name.WARNING: The driver server has died. [] []
[2024-01-30T10:16:03.355780+08:00] name.WARNING: The driver server has died. [] []
[2024-01-30T10:16:13.366924+08:00] name.WARNING: The driver server has died. [] []
[2024-01-30T10:16:14.371162+08:00] name.WARNING: The driver server has died. [] []
[2024-01-30T10:26:15.154496+08:00] name.WARNING: The driver server has died. [] []
[2024-01-30T10:26:16.165643+08:00] name.WARNING: The driver server has died. [] []
[2024-01-30T12:58:51.259833+08:00] name.WARNING: Curl error thrown for http POST to /session/86e7c14abe10f6b9b21d1b6fc463338c/url with params: {"url":"https://cryptolottery.info/en/ether"}  Operation timed out after 1826254 milliseconds with 0 bytes received [] []
[2024-01-30T13:01:58.741436+08:00] name.WARNING: Curl error thrown for http DELETE to /session/86e7c14abe10f6b9b21d1b6fc463338c  Operation timed out after 185376 milliseconds with 0 bytes received [] []
[2024-01-30T13:29:13.185037+08:00] name.WARNING: The driver server has died. [] []
[2024-01-30T13:29:48.532343+08:00] name.WARNING: Call to a member function getText() on null [] []
[2024-01-30T13:29:59.704222+08:00] name.WARNING: The driver server has died. [] []
[2024-01-30T14:23:19.406550+08:00] name.WARNING: The driver server has died. [] []
[2024-01-30T14:23:20.169963+08:00] name.WARNING: Curl error thrown for http POST to /session/271dd2737b4e52fc67e68c6661cfd230/url with params: {"url":"https://cryptolottery.info/en/ether"}  Operation timed out after 3197735 milliseconds with 0 bytes received [] []
[2024-01-30T14:23:30.221151+08:00] name.WARNING: Call to a member function getText() on null [] []
[2024-01-30T14:23:35.210284+08:00] name.WARNING: The driver server has died. [] []
[2024-01-30T14:23:46.221611+08:00] name.WARNING: Curl error thrown for http POST to /session/ebfcf1dc82be0028ba9119bed814230c/url with params: {"url":"https://cryptolottery.info/en/tron"}  Failed to connect to localhost port 9515 after 0 ms: Couldn't connect to server [] []
[2024-01-30T14:23:46.221844+08:00] name.WARNING: The driver server has died. [] []
[2024-01-30T14:23:48.235807+08:00] name.WARNING: Curl error thrown for http DELETE to /session/ebfcf1dc82be0028ba9119bed814230c/window  Failed to connect to localhost port 9515 after 0 ms: Couldn't connect to server [] []
[2024-01-30T14:30:13.409204+08:00] name.WARNING: Curl error thrown for http POST to /session/b768e703448dbdd1721ac9a110cdacf5/url with params: {"url":"https://cryptolottery.info/en/tron"}  Operation timed out after 372434 milliseconds with 0 bytes received [] []
[2024-01-30T14:30:34.308789+08:00] name.WARNING: Call to a member function getText() on null [] []
[2024-01-30T15:18:04.415519+08:00] name.WARNING: Curl error thrown for http POST to /session with params: {"capabilities":{"firstMatch":[{"browserName":"chrome","acceptInsecureCerts":true,"goog:chromeOptions":{"args":["--headless"]}}]},"desiredCapabilities":{"browserName":"chrome","platform":"ANY","acceptInsecureCerts":true,"goog:chromeOptions":{"args":["--headless"]}}}  Operation timed out after 2848890 milliseconds with 0 bytes received [] []
[2024-01-30T15:31:15.421418+08:00] name.WARNING: Curl error thrown for http POST to /session/bbaf7a1326bf6db829ed82ad32bc305c/url with params: {"url":"https://cryptolottery.info/en/tron"}  Operation timed out after 754804 milliseconds with 0 bytes received [] []
[2024-01-30T16:13:26.414766+08:00] name.WARNING: Curl error thrown for http POST to /session/3cf650c06a3cc11c3577be1e2a5cb03a/url with params: {"url":"https://cryptolottery.info/en/tron"}  Operation timed out after 2525141 milliseconds with 0 bytes received [] []
[2024-01-30T16:32:16.415614+08:00] name.WARNING: Curl error thrown for http POST to /session/64197f808ec212fd917c0a85502353f8/url with params: {"url":"https://cryptolottery.info/en/tron"}  Operation timed out after 1093140 milliseconds with 0 bytes received [] []
[2024-01-30T16:35:40.847681+08:00] name.WARNING: unknown error: net::ERR_INTERNET_DISCONNECTED   (Session info: headless chrome=120.0.6099.234) [] []
[2024-01-30T16:35:43.637686+08:00] name.WARNING: unknown error: net::ERR_INTERNET_DISCONNECTED   (Session info: headless chrome=120.0.6099.234) [] []
[2024-01-30T17:33:18.671554+08:00] name.WARNING: Curl error thrown for http POST to /session with params: {"capabilities":{"firstMatch":[{"browserName":"chrome","acceptInsecureCerts":true,"goog:chromeOptions":{"args":["--headless"]}}]},"desiredCapabilities":{"browserName":"chrome","platform":"ANY","acceptInsecureCerts":true,"goog:chromeOptions":{"args":["--headless"]}}}  Operation timed out after 3053129 milliseconds with 0 bytes received [] []
[2024-01-30T18:34:20.686211+08:00] name.WARNING: Curl error thrown for http POST to /session with params: {"capabilities":{"firstMatch":[{"browserName":"chrome","acceptInsecureCerts":true,"goog:chromeOptions":{"args":["--headless"]}}]},"desiredCapabilities":{"browserName":"chrome","platform":"ANY","acceptInsecureCerts":true,"goog:chromeOptions":{"args":["--headless"]}}}  Operation timed out after 3638707 milliseconds with 0 bytes received [] []
[2024-01-30T20:59:56.083421+08:00] name.WARNING: disconnected: Unable to receive message from renderer   (failed to check if window was closed: disconnected: not connected to DevTools)   (Session info: headless chrome=120.0.6099.234) [] []
[2024-01-30T20:59:58.098031+08:00] name.WARNING: disconnected: not connected to DevTools   (failed to check if window was closed: disconnected: not connected to DevTools)   (Session info: headless chrome=120.0.6099.234) [] []
[2024-01-30T21:00:20.481187+08:00] name.WARNING: The driver server has died. [] []
[2024-01-30T21:00:21.815252+08:00] name.WARNING: Curl error thrown for http POST to /session/9995225767ed041ceda0e7eb9896ddf7/url with params: {"url":"https://cryptolottery.info/en/tron"}  Failed to connect to localhost port 9515 after 0 ms: Couldn't connect to server [] []
[2024-01-30T21:00:23.822097+08:00] name.WARNING: The driver server has died. [] []
[2024-01-30T21:05:28.695998+08:00] name.WARNING: The driver server has died. [] []
[2024-01-30T21:05:43.702893+08:00] name.WARNING: The driver server has died. [] []
[2024-01-30T21:05:54.711895+08:00] name.WARNING: The driver server has died. [] []
[2024-01-30T21:05:54.713321+08:00] name.WARNING: Curl error thrown for http POST to /session/dbe3624608be5b571ac912bf6eb042bb/url with params: {"url":"https://cryptolottery.info/en/tron"}  Failed to connect to localhost port 9515 after 0 ms: Couldn't connect to server [] []
[2024-01-30T21:05:56.723261+08:00] name.WARNING: Curl error thrown for http DELETE to /session/dbe3624608be5b571ac912bf6eb042bb/window  Failed to connect to localhost port 9515 after 0 ms: Couldn't connect to server [] []
[2024-01-30T21:06:51.751986+08:00] name.WARNING: disconnected: Unable to receive message from renderer   (failed to check if window was closed: disconnected: not connected to DevTools)   (Session info: headless chrome=120.0.6099.234) [] []
[2024-01-30T21:07:01.770126+08:00] name.WARNING: disconnected: not connected to DevTools   (failed to check if window was closed: disconnected: not connected to DevTools)   (Session info: headless chrome=120.0.6099.234) [] []
[2024-01-30T21:07:02.781296+08:00] name.WARNING: disconnected: not connected to DevTools   (failed to check if window was closed: disconnected: not connected to DevTools)   (Session info: headless chrome=120.0.6099.234) [] []
[2024-01-30T21:19:49.048985+08:00] name.WARNING: The driver server has died. [] []
[2024-01-30T21:19:59.844076+08:00] name.WARNING: Call to a member function getText() on null [] []
[2024-01-30T21:20:05.081016+08:00] name.WARNING: The driver server has died. [] []
[2024-01-30T21:20:05.082281+08:00] name.WARNING: The driver server has died. [] []
[2024-01-30T21:20:20.086771+08:00] name.WARNING: The driver server has died. [] []
[2024-01-30T21:20:21.094121+08:00] name.WARNING: The driver server has died. [] []
[2024-01-30T22:45:00.394574+08:00] name.WARNING: The driver server has died. [] []
[2024-01-30T22:45:12.850169+08:00] name.WARNING: disconnected: Unable to receive message from renderer   (failed to check if window was closed: disconnected: not connected to DevTools)   (Session info: headless chrome=120.0.6099.234) [] []
[2024-01-30T22:45:13.859887+08:00] name.WARNING: disconnected: not connected to DevTools   (failed to check if window was closed: disconnected: not connected to DevTools)   (Session info: headless chrome=120.0.6099.234) [] []
[2024-01-30T22:45:15.406509+08:00] name.WARNING: The driver server has died. [] []
[2024-01-30T23:19:26.094757+08:00] name.WARNING: Curl error thrown for http POST to /session/1eb34836cafe7c74fb6e4209bed3cf73/url with params: {"url":"https://cryptolottery.info/en/ether"}  Operation timed out after 2036360 milliseconds with 0 bytes received [] []
[2024-01-31T00:55:01.703339+08:00] name.WARNING: The driver server has died. [] []
[2024-01-31T00:55:12.464177+08:00] name.WARNING: The driver server has died. [] []
[2024-01-31T00:55:13.471679+08:00] name.WARNING: The driver server has died. [] []
[2024-01-31T03:58:06.686951+08:00] name.WARNING: Curl error thrown for http POST to /session/cc1d789c3bd457d5d150d785a1309ad4/url with params: {"url":"https://cryptolottery.info/en/tron"}  Operation timed out after 3485485 milliseconds with 0 bytes received [] []
[2024-01-31T03:58:06.696550+08:00] name.WARNING: The driver server has died. [] []
[2024-01-31T03:58:17.542908+08:00] name.WARNING: Call to a member function getText() on null [] []
[2024-01-31T03:58:22.494870+08:00] name.WARNING: The driver server has died. [] []
[2024-01-31T03:58:33.523308+08:00] name.WARNING: The driver server has died. [] []
[2024-01-31T03:58:33.525167+08:00] name.WARNING: Curl error thrown for http POST to /session/819e5a7fa0c7c349e4e7310f2e15c4e4/url with params: {"url":"https://cryptolottery.info/en/tron"}  Recv failure: Connection reset by peer [] []
[2024-01-31T03:58:35.543832+08:00] name.WARNING: Curl error thrown for http DELETE to /session/819e5a7fa0c7c349e4e7310f2e15c4e4/window  Failed to connect to localhost port 9515 after 0 ms: Couldn't connect to server [] []
[2024-01-31T06:14:51.898132+08:00] name.WARNING: Call to a member function getText() on null [] []
[2024-01-31T06:15:25.990487+08:00] name.WARNING: The driver server has died. [] []
[2024-01-31T06:15:40.992613+08:00] name.WARNING: The driver server has died. [] []
[2024-01-31T06:15:52.004810+08:00] name.WARNING: The driver server has died. [] []
[2024-01-31T06:15:52.008217+08:00] name.WARNING: Curl error thrown for http POST to /session/b0cf68ecf01633250ce25487855dd828/url with params: {"url":"https://cryptolottery.info/en/tron"}  Failed to connect to localhost port 9515 after 0 ms: Couldn't connect to server [] []
[2024-01-31T06:15:54.017931+08:00] name.WARNING: Curl error thrown for http DELETE to /session/b0cf68ecf01633250ce25487855dd828/window  Failed to connect to localhost port 9515 after 0 ms: Couldn't connect to server [] []
[2024-01-31T06:16:51.065149+08:00] name.WARNING: Call to a member function getText() on null [] []
[2024-02-20T09:28:14.019058+08:00] name.WARNING: session not created: This version of ChromeDriver only supports Chrome version 119 Current browser version is 121.0.6167.184 with binary path /Applications/Google Chrome.app/Contents/MacOS/Google Chrome [] []
[2024-02-20T09:28:24.030983+08:00] name.WARNING: Call to a member function findElement() on null [] []
[2024-02-20T09:28:25.035898+08:00] name.WARNING: Call to a member function close() on null [] []
[2024-02-20T09:30:01.633943+08:00] name.WARNING: The driver server has died. [] []
[2024-02-20T09:30:11.639452+08:00] name.WARNING: Call to a member function findElement() on null [] []
[2024-02-20T09:30:12.644856+08:00] name.WARNING: Call to a member function close() on null [] []
[2024-02-20T09:32:02.210028+08:00] name.WARNING: The driver server has died. [] []
[2024-02-20T09:32:12.213197+08:00] name.WARNING: Call to a member function findElement() on null [] []
[2024-02-20T09:32:13.218425+08:00] name.WARNING: Call to a member function close() on null [] []
[2024-02-20T09:34:02.001333+08:00] name.WARNING: The driver server has died. [] []
[2024-02-20T09:34:12.002853+08:00] name.WARNING: Call to a member function findElement() on null [] []
[2024-02-20T09:34:13.007223+08:00] name.WARNING: Call to a member function close() on null [] []
[2024-02-20T09:36:01.681496+08:00] name.WARNING: session not created: This version of ChromeDriver only supports Chrome version 119 Current browser version is 121.0.6167.184 with binary path /Applications/Google Chrome.app/Contents/MacOS/Google Chrome [] []
[2024-02-20T09:36:11.687793+08:00] name.WARNING: Call to a member function findElement() on null [] []
[2024-02-20T09:36:12.689508+08:00] name.WARNING: Call to a member function close() on null [] []
[2024-02-20T09:38:02.324609+08:00] name.WARNING: session not created: This version of ChromeDriver only supports Chrome version 119 Current browser version is 121.0.6167.184 with binary path /Applications/Google Chrome.app/Contents/MacOS/Google Chrome [] []
[2024-02-20T09:38:12.328849+08:00] name.WARNING: Call to a member function findElement() on null [] []
[2024-02-20T09:38:13.334265+08:00] name.WARNING: Call to a member function close() on null [] []
[2024-02-20T09:40:01.407587+08:00] name.WARNING: session not created: This version of ChromeDriver only supports Chrome version 119 Current browser version is 121.0.6167.184 with binary path /Applications/Google Chrome.app/Contents/MacOS/Google Chrome [] []
[2024-02-20T09:40:11.413510+08:00] name.WARNING: Call to a member function findElement() on null [] []
[2024-02-20T09:40:12.417834+08:00] name.WARNING: Call to a member function close() on null [] []
[2024-02-20T09:42:02.000132+08:00] name.WARNING: The driver server has died. [] []
[2024-02-20T09:42:12.004835+08:00] name.WARNING: Call to a member function findElement() on null [] []
[2024-02-20T09:42:13.009828+08:00] name.WARNING: Call to a member function close() on null [] []
[2024-02-20T09:44:01.501306+08:00] name.WARNING: The driver server has died. [] []
[2024-02-20T09:44:11.506798+08:00] name.WARNING: Call to a member function findElement() on null [] []
[2024-02-20T09:44:12.511689+08:00] name.WARNING: Call to a member function close() on null [] []
[2024-02-20T09:46:01.704896+08:00] name.WARNING: session not created: This version of ChromeDriver only supports Chrome version 119 Current browser version is 121.0.6167.184 with binary path /Applications/Google Chrome.app/Contents/MacOS/Google Chrome [] []
[2024-02-20T09:46:11.712116+08:00] name.WARNING: Call to a member function findElement() on null [] []
[2024-02-20T09:46:12.712981+08:00] name.WARNING: Call to a member function close() on null [] []
[2024-02-20T09:48:01.368107+08:00] name.WARNING: The driver server has died. [] []
[2024-02-20T09:48:11.372049+08:00] name.WARNING: Call to a member function findElement() on null [] []
[2024-02-20T09:48:12.377553+08:00] name.WARNING: Call to a member function close() on null [] []
[2024-02-20T09:50:01.993555+08:00] name.WARNING: The driver server has died. [] []
[2024-02-20T09:50:12.000197+08:00] name.WARNING: Call to a member function findElement() on null [] []
[2024-02-20T09:50:13.003603+08:00] name.WARNING: Call to a member function close() on null [] []
[2024-02-20T09:52:01.572875+08:00] name.WARNING: The driver server has died. [] []
[2024-02-20T09:52:11.580843+08:00] name.WARNING: Call to a member function findElement() on null [] []
[2024-02-20T09:52:12.586231+08:00] name.WARNING: Call to a member function close() on null [] []
[2024-02-20T09:54:02.286487+08:00] name.WARNING: The driver server has died. [] []
[2024-02-20T09:54:12.292784+08:00] name.WARNING: Call to a member function findElement() on null [] []
[2024-02-20T09:54:13.297846+08:00] name.WARNING: Call to a member function close() on null [] []
[2024-02-20T09:56:02.074500+08:00] name.WARNING: The driver server has died. [] []
[2024-02-20T09:56:12.079075+08:00] name.WARNING: Call to a member function findElement() on null [] []
[2024-02-20T09:56:13.082306+08:00] name.WARNING: Call to a member function close() on null [] []
[2024-02-20T09:58:30.771501+08:00] name.WARNING: Call to a member function findElement() on null [] []
[2024-02-20T09:58:31.776724+08:00] name.WARNING: Call to a member function close() on null [] []
[2024-02-20T10:00:18.443772+08:00] name.WARNING: Object of class Facebook\WebDriver\Remote\RemoteWebElement could not be converted to string [] []
[2024-02-20T10:50:27.947592+08:00] name.WARNING: Call to a member function format() on false [] []
[2024-02-20T10:52:29.217812+08:00] name.WARNING: Call to a member function format() on false [] []
[2024-02-20T10:54:19.887334+08:00] name.WARNING: Call to a member function format() on false [] []
[2024-02-20T10:56:22.851245+08:00] name.WARNING: Call to a member function format() on false [] []
[2024-02-20T10:58:33.822023+08:00] name.WARNING: Call to a member function format() on false [] []
[2024-02-20T11:00:23.074478+08:00] name.WARNING: Call to a member function format() on false [] []
[2024-02-20T11:52:35.196065+08:00] name.WARNING: explode(): Argument #1 ($separator) cannot be empty [] []
[2024-02-20T11:52:53.797297+08:00] name.WARNING: explode(): Argument #1 ($separator) cannot be empty [] []
[2024-02-20T11:53:14.973395+08:00] name.WARNING: explode(): Argument #1 ($separator) cannot be empty [] []
[2024-02-20T11:53:37.428426+08:00] name.WARNING: explode(): Argument #1 ($separator) cannot be empty [] []
[2024-02-20T11:53:58.628172+08:00] name.WARNING: explode(): Argument #1 ($separator) cannot be empty [] []
[2024-02-20T11:56:23.641718+08:00] name.WARNING: implode(): Argument #2 ($array) must be of type ?array, string given [] []
[2024-02-21T06:31:02.593104+08:00] name.WARNING: no such element: Unable to locate element: {"method":"css selector","selector":"#\5F ctl0\5F ContentPlaceHolder\5F lblLastDrawTimeValue"}   (Session info: chrome-headless-shell=121.0.6167.184) [] []
[2024-02-20T23:51:01.993935+01:00] name.WARNING: no such element: Unable to locate element: {"method":"css selector","selector":"#\5F ctl0\5F ContentPlaceHolder\5F lblLastDrawTimeValue"}   (Session info: chrome-headless-shell=121.0.6167.184) [] []
[2024-02-20T23:51:50.103204+01:00] name.WARNING: no such element: Unable to locate element: {"method":"css selector","selector":"#\5F ctl0\5F ContentPlaceHolder\5F lblLastDrawTimeValue"}   (Session info: chrome-headless-shell=121.0.6167.184) [] []
[2024-02-20T23:56:52.116366+01:00] name.WARNING: no such element: Unable to locate element: {"method":"css selector","selector":"#\5F ctl0\5F ContentPlaceHolder\5F lblLastDrawTimeValue"}   (Session info: chrome-headless-shell=121.0.6167.184) [] []
[2024-02-21T00:06:17.495802+01:00] name.WARNING: no such element: Unable to locate element: {"method":"css selector","selector":"#\5F ctl0\5F ContentPlaceHolder\5F lblLastDrawTimeValue"}   (Session info: chrome-headless-shell=121.0.6167.184) [] []
[2024-02-21T00:06:48.870085+01:00] name.WARNING: disconnected: not connected to DevTools   (failed to check if window was closed: disconnected: not connected to DevTools)   (Session info: chrome-headless-shell=121.0.6167.184) [] []
[2024-02-21T00:06:48.873308+01:00] name.WARNING: disconnected: not connected to DevTools   (failed to check if window was closed: disconnected: not connected to DevTools)   (Session info: chrome-headless-shell=121.0.6167.184) [] []
[2024-02-21T00:06:48.874434+01:00] name.WARNING: disconnected: not connected to DevTools   (failed to check if window was closed: disconnected: not connected to DevTools)   (Session info: chrome-headless-shell=121.0.6167.184) [] []
[2024-02-21T00:06:48.875459+01:00] name.WARNING: disconnected: not connected to DevTools   (failed to check if window was closed: disconnected: not connected to DevTools)   (Session info: chrome-headless-shell=121.0.6167.184) [] []
[2024-02-21T00:06:48.876501+01:00] name.WARNING: disconnected: not connected to DevTools   (failed to check if window was closed: disconnected: not connected to DevTools)   (Session info: chrome-headless-shell=121.0.6167.184) [] []
[2024-02-21T00:06:48.877508+01:00] name.WARNING: disconnected: not connected to DevTools   (failed to check if window was closed: disconnected: not connected to DevTools)   (Session info: chrome-headless-shell=121.0.6167.184) [] []
[2024-02-21T00:06:48.879395+01:00] name.WARNING: disconnected: not connected to DevTools   (failed to check if window was closed: disconnected: not connected to DevTools)   (Session info: chrome-headless-shell=121.0.6167.184) [] []
[2024-02-21T00:06:48.880455+01:00] name.WARNING: disconnected: not connected to DevTools   (failed to check if window was closed: disconnected: not connected to DevTools)   (Session info: chrome-headless-shell=121.0.6167.184) [] []
[2024-02-21T00:06:48.881955+01:00] name.WARNING: disconnected: not connected to DevTools   (failed to check if window was closed: disconnected: not connected to DevTools)   (Session info: chrome-headless-shell=121.0.6167.184) [] []
[2024-02-21T00:06:48.884352+01:00] name.WARNING: disconnected: not connected to DevTools   (failed to check if window was closed: disconnected: not connected to DevTools)   (Session info: chrome-headless-shell=121.0.6167.184) [] []
[2024-02-21T00:06:48.887275+01:00] name.WARNING: disconnected: not connected to DevTools   (failed to check if window was closed: disconnected: not connected to DevTools)   (Session info: chrome-headless-shell=121.0.6167.184) [] []
[2024-02-21T00:06:48.889290+01:00] name.WARNING: disconnected: not connected to DevTools   (failed to check if window was closed: disconnected: not connected to DevTools)   (Session info: chrome-headless-shell=121.0.6167.184) [] []
